2019-03-19 15:50:04.6887||Microsoft.AspNetCore.DataProtection.KeyManagement.XmlKeyManager|INFO|User profile is available. Using 'C:\Users\RICH-IT-DEV\AppData\Local\ASP.NET\DataProtection-Keys' as key repository and Windows DPAPI to encrypt keys at rest. 
2019-03-19 15:50:07.1134||Ocelot.Host.Startup|ERROR|sdsdsdsd 
2019-03-19 15:50:07.7495||Microsoft.AspNetCore.Hosting.Internal.WebHost|INFO|Request starting HTTP/1.1 DEBUG http://localhost:17488/  0 
2019-03-19 15:50:07.7495||Microsoft.AspNetCore.Hosting.Internal.WebHost|INFO|Request starting HTTP/1.1 GET http://localhost:44325/api/values   
2019-03-19 15:50:07.7495||Microsoft.AspNetCore.Hosting.Internal.WebHost|INFO|Request starting HTTP/1.1 DEBUG http://localhost:17488/  0 
2019-03-19 15:50:07.7495||Microsoft.AspNetCore.Hosting.Internal.WebHost|INFO|Request starting HTTP/1.1 GET http://localhost:44325/api/values   
2019-03-19 15:50:07.7944||Microsoft.AspNetCore.Hosting.Internal.WebHost|INFO|Request finished in 41.1931ms 200  
2019-03-19 15:50:07.7944||Microsoft.AspNetCore.Hosting.Internal.WebHost|INFO|Request finished in 41.1931ms 200  
2019-03-19 15:50:07.7944||Ocelot.Errors.Middleware.ExceptionHandlerMiddleware|DEBUG|requestId: 0HLLC7U0PA4MB:00000001, previousRequestId: no previous request id, message: ocelot pipeline started 
2019-03-19 15:50:07.8055||Ocelot.Errors.Middleware.ExceptionHandlerMiddleware|DEBUG|requestId: 0HLLC7U0PA4MB:00000001, previousRequestId: no previous request id, message: ocelot pipeline started 
2019-03-19 15:50:07.8055||Ocelot.DownstreamRouteFinder.Middleware.DownstreamRouteFinderMiddleware|DEBUG|requestId: 0HLLC7U0PA4MB:00000001, previousRequestId: no previous request id, message: Upstream url path is /api/values 
2019-03-19 15:50:07.8185||Ocelot.DownstreamRouteFinder.Middleware.DownstreamRouteFinderMiddleware|DEBUG|requestId: 0HLLC7U0PA4MB:00000001, previousRequestId: no previous request id, message: Upstream url path is /api/values 
2019-03-19 15:50:07.8407||Ocelot.DownstreamRouteFinder.Middleware.DownstreamRouteFinderMiddleware|WARN|requestId: 0HLLC7U0PA4MB:00000001, previousRequestId: no previous request id, message: DownstreamRouteFinderMiddleware setting pipeline errors. IDownstreamRouteFinder returned Error Code: UnableToFindDownstreamRouteError Message: Failed to match ReRoute configuration for upstream path: /api/values, verb: GET. 
2019-03-19 15:50:07.8407||Ocelot.DownstreamRouteFinder.Middleware.DownstreamRouteFinderMiddleware|WARN|requestId: 0HLLC7U0PA4MB:00000001, previousRequestId: no previous request id, message: DownstreamRouteFinderMiddleware setting pipeline errors. IDownstreamRouteFinder returned Error Code: UnableToFindDownstreamRouteError Message: Failed to match ReRoute configuration for upstream path: /api/values, verb: GET. 
2019-03-19 15:50:07.8407||Ocelot.DownstreamRouteFinder.Middleware.DownstreamRouteFinderMiddleware|WARN|requestId: 0HLLC7U0PA4MB:00000001, previousRequestId: no previous request id, message: Failed to match ReRoute configuration for upstream path: /api/values, verb: GET. 
2019-03-19 15:50:07.8407||Ocelot.DownstreamRouteFinder.Middleware.DownstreamRouteFinderMiddleware|WARN|requestId: 0HLLC7U0PA4MB:00000001, previousRequestId: no previous request id, message: Failed to match ReRoute configuration for upstream path: /api/values, verb: GET. 
2019-03-19 15:50:07.8510||Ocelot.Responder.Middleware.ResponderMiddleware|WARN|requestId: 0HLLC7U0PA4MB:00000001, previousRequestId: no previous request id, message: Error Code: UnableToFindDownstreamRouteError Message: Failed to match ReRoute configuration for upstream path: /api/values, verb: GET. errors found in ResponderMiddleware. Setting error response for request path:/api/values, request method: GET 
2019-03-19 15:50:07.8510||Ocelot.Responder.Middleware.ResponderMiddleware|WARN|requestId: 0HLLC7U0PA4MB:00000001, previousRequestId: no previous request id, message: Error Code: UnableToFindDownstreamRouteError Message: Failed to match ReRoute configuration for upstream path: /api/values, verb: GET. errors found in ResponderMiddleware. Setting error response for request path:/api/values, request method: GET 
2019-03-19 15:50:07.8510||Ocelot.Errors.Middleware.ExceptionHandlerMiddleware|DEBUG|requestId: 0HLLC7U0PA4MB:00000001, previousRequestId: no previous request id, message: ocelot pipeline finished 
2019-03-19 15:50:07.8510||Ocelot.Errors.Middleware.ExceptionHandlerMiddleware|DEBUG|requestId: 0HLLC7U0PA4MB:00000001, previousRequestId: no previous request id, message: ocelot pipeline finished 
2019-03-19 15:50:07.8510||Microsoft.AspNetCore.Hosting.Internal.WebHost|INFO|Request finished in 116.5389ms 404  
2019-03-19 15:50:07.8510||Microsoft.AspNetCore.Hosting.Internal.WebHost|INFO|Request finished in 116.5389ms 404  
